2017-01-02 17:47:06.873  INFO 14792 --- [restartedMain] c.a.m.e.t.EmpAttendanceMasterApplication : Starting EmpAttendanceMasterApplication on M5-L-2VT8102 with PID 14792 (C:\spring-boot\emp_timerecords_master\target\classes started by mahima.agarwal in C:\spring-boot\emp_timerecords_master)
2017-01-02 17:47:06.982  INFO 14792 --- [restartedMain] c.a.m.e.t.EmpAttendanceMasterApplication : No active profile set, falling back to default profiles: default
2017-01-02 17:47:07.865  INFO 14792 --- [restartedMain] ationConfigEmbeddedWebApplicationContext : Refreshing org.springframework.boot.context.embedded.AnnotationConfigEmbeddedWebApplicationContext@6498e4f3: startup date [Mon Jan 02 17:47:07 IST 2017]; root of context hierarchy
2017-01-02 18:26:03.877  INFO 12808 --- [restartedMain] c.a.m.e.t.EmpAttendanceMasterApplication : Starting EmpAttendanceMasterApplication on M5-L-2VT8102 with PID 12808 (C:\spring-boot\emp_timerecords_master\target\classes started by mahima.agarwal in C:\spring-boot\emp_timerecords_master)
2017-01-02 18:26:03.967  INFO 12808 --- [restartedMain] c.a.m.e.t.EmpAttendanceMasterApplication : No active profile set, falling back to default profiles: default
2017-01-02 18:26:05.078  INFO 12808 --- [restartedMain] ationConfigEmbeddedWebApplicationContext : Refreshing org.springframework.boot.context.embedded.AnnotationConfigEmbeddedWebApplicationContext@2172afe9: startup date [Mon Jan 02 18:26:04 IST 2017]; root of context hierarchy
2017-01-02 18:26:33.050  INFO 12808 --- [restartedMain] trationDelegate$BeanPostProcessorChecker : Bean 'org.springframework.ws.config.annotation.DelegatingWsConfiguration' of type [class org.springframework.ws.config.annotation.DelegatingWsConfiguration$$EnhancerBySpringCGLIB$$cd315974] is not eligible for getting processed by all BeanPostProcessors (for example: not eligible for auto-proxying)
2017-01-02 18:26:34.756  INFO 12808 --- [restartedMain] .w.s.a.s.AnnotationActionEndpointMapping : Supporting [WS-Addressing August 2004, WS-Addressing 1.0]
2017-01-02 18:26:39.509  INFO 12808 --- [restartedMain] s.b.c.e.t.TomcatEmbeddedServletContainer : Tomcat initialized with port(s): 8080 (http)
2017-01-02 18:26:40.039  INFO 12808 --- [restartedMain] o.apache.catalina.core.StandardService   : Starting service Tomcat
2017-01-02 18:26:40.041  INFO 12808 --- [restartedMain] org.apache.catalina.core.StandardEngine  : Starting Servlet Engine: Apache Tomcat/8.5.5
2017-01-02 18:26:41.706  INFO 12808 --- [localhost-startStop-1] o.a.c.c.C.[Tomcat].[localhost].[/]       : Initializing Spring embedded WebApplicationContext
2017-01-02 18:26:41.706  INFO 12808 --- [localhost-startStop-1] o.s.web.context.ContextLoader            : Root WebApplicationContext: initialization completed in 36887 ms
2017-01-02 18:26:42.445  INFO 12808 --- [localhost-startStop-1] o.s.b.w.servlet.ServletRegistrationBean  : Mapping servlet: 'dispatcherServlet' to [/]
2017-01-02 18:26:42.447  INFO 12808 --- [localhost-startStop-1] o.s.b.w.servlet.ServletRegistrationBean  : Mapping servlet: 'messageDispatcherServlet' to [/services/*]
2017-01-02 18:26:42.656  INFO 12808 --- [localhost-startStop-1] o.s.b.w.servlet.FilterRegistrationBean   : Mapping filter: 'characterEncodingFilter' to: [/*]
2017-01-02 18:26:42.864  INFO 12808 --- [localhost-startStop-1] o.s.b.w.servlet.FilterRegistrationBean   : Mapping filter: 'hiddenHttpMethodFilter' to: [/*]
2017-01-02 18:26:42.865  INFO 12808 --- [localhost-startStop-1] o.s.b.w.servlet.FilterRegistrationBean   : Mapping filter: 'httpPutFormContentFilter' to: [/*]
2017-01-02 18:26:42.865  INFO 12808 --- [localhost-startStop-1] o.s.b.w.servlet.FilterRegistrationBean   : Mapping filter: 'requestContextFilter' to: [/*]
2017-01-02 18:26:48.324  INFO 12808 --- [restartedMain] com.couchbase.client.core.CouchbaseCore  : CouchbaseEnvironment: {sslEnabled=false, sslKeystoreFile='null', sslKeystorePassword='null', queryEnabled=false, queryPort=8093, bootstrapHttpEnabled=true, bootstrapCarrierEnabled=true, bootstrapHttpDirectPort=8091, bootstrapHttpSslPort=18091, bootstrapCarrierDirectPort=11210, bootstrapCarrierSslPort=11207, ioPoolSize=4, computationPoolSize=4, responseBufferSize=16384, requestBufferSize=16384, kvServiceEndpoints=1, viewServiceEndpoints=1, queryServiceEndpoints=1, searchServiceEndpoints=1, ioPool=NioEventLoopGroup, coreScheduler=CoreScheduler, eventBus=DefaultEventBus, packageNameAndVersion=couchbase-java-client/2.2.8 (git: 2.2.8, core: 1.2.9), dcpEnabled=false, retryStrategy=BestEffort, maxRequestLifetime=75000, retryDelay=ExponentialDelay{growBy 1.0 MICROSECONDS, powers of 2; lower=100, upper=100000}, reconnectDelay=ExponentialDelay{growBy 1.0 MILLISECONDS, powers of 2; lower=32, upper=4096}, observeIntervalDelay=ExponentialDelay{growBy 1.0 MICROSECONDS, powers of 2; lower=10, upper=100000}, keepAliveInterval=30000, autoreleaseAfter=2000, bufferPoolingEnabled=true, tcpNodelayEnabled=true, mutationTokensEnabled=false, socketConnectTimeout=1000, dcpConnectionBufferSize=20971520, dcpConnectionBufferAckThreshold=0.2, dcpConnectionName=dcp/core-io, callbacksOnIoPool=false, queryTimeout=75000, viewTimeout=75000, kvTimeout=2500, connectTimeout=5000, disconnectTimeout=25000, dnsSrvEnabled=false}
2017-01-02 18:26:49.435  INFO 12808 --- [cb-io-1-1] com.couchbase.client.core.node.Node      : Connected to Node localhost
2017-01-02 18:26:49.577  INFO 12808 --- [cb-io-1-1] com.couchbase.client.core.node.Node      : Disconnected from Node localhost
2017-01-02 18:26:55.952  INFO 12808 --- [cb-io-1-2] com.couchbase.client.core.node.Node      : Connected to Node localhost
2017-01-02 18:26:56.578  INFO 12808 --- [cb-computations-4] c.c.c.core.config.ConfigurationProvider  : Opened bucket attendance
2017-01-02 18:26:57.105  WARN 12808 --- [restartedMain] ationConfigEmbeddedWebApplicationContext : Exception encountered during context initialization - cancelling refresh attempt: org.springframework.beans.factory.UnsatisfiedDependencyException: Error creating bean with name 'attendanceCalculator': Unsatisfied dependency expressed through field 'attendanceAggregator'; nested exception is org.springframework.beans.factory.UnsatisfiedDependencyException: Error creating bean with name 'attendanceAggregator': Unsatisfied dependency expressed through field 'attendanceService'; nested exception is org.springframework.beans.factory.UnsatisfiedDependencyException: Error creating bean with name 'attendanceService' defined in file [C:\spring-boot\emp_timerecords_master\target\classes\com\accenture\microservices\emp\data\service\AttendanceService.class]: Unsatisfied dependency expressed through constructor parameter 0; nested exception is org.springframework.beans.factory.UnsatisfiedDependencyException: Error creating bean with name 'couchbaseRepositoryOperationsMapping' defined in class path resource [com/accenture/microservices/emp/data/configuration/Config.class]: Unsatisfied dependency expressed through method 'repositoryOperationsMapping' parameter 0; nested exception is org.springframework.beans.factory.BeanCreationException: Error creating bean with name 'couchbaseTemplate' defined in class path resource [com/accenture/microservices/emp/data/configuration/Config.class]: Bean instantiation via factory method failed; nested exception is org.springframework.beans.BeanInstantiationException: Failed to instantiate [org.springframework.data.couchbase.core.CouchbaseTemplate]: Factory method 'couchbaseTemplate' threw exception; nested exception is org.springframework.beans.factory.BeanCreationException: Error creating bean with name 'couchbaseBucket' defined in class path resource [com/accenture/microservices/emp/data/configuration/Config.class]: Bean instantiation via factory method failed; nested exception is org.springframework.beans.BeanInstantiationException: Failed to instantiate [com.couchbase.client.java.Bucket]: Factory method 'couchbaseClient' threw exception; nested exception is java.lang.RuntimeException: java.util.concurrent.TimeoutException
2017-01-02 18:26:57.393  INFO 12808 --- [cb-computations-1] c.c.c.core.config.ConfigurationProvider  : Closed bucket attendance
2017-01-02 18:26:57.419  INFO 12808 --- [cb-io-1-3] com.couchbase.client.core.node.Node      : Disconnected from Node localhost
2017-01-02 18:26:57.611  INFO 12808 --- [restartedMain] o.apache.catalina.core.StandardService   : Stopping service Tomcat
2017-01-02 18:26:58.129  INFO 12808 --- [restartedMain] utoConfigurationReportLoggingInitializer : 

Error starting ApplicationContext. To display the auto-configuration report re-run your application with 'debug' enabled.
2017-01-02 18:26:58.693 ERROR 12808 --- [restartedMain] o.s.boot.SpringApplication               : Application startup failed

org.springframework.beans.factory.UnsatisfiedDependencyException: Error creating bean with name 'attendanceCalculator': Unsatisfied dependency expressed through field 'attendanceAggregator'; nested exception is org.springframework.beans.factory.UnsatisfiedDependencyException: Error creating bean with name 'attendanceAggregator': Unsatisfied dependency expressed through field 'attendanceService'; nested exception is org.springframework.beans.factory.UnsatisfiedDependencyException: Error creating bean with name 'attendanceService' defined in file [C:\spring-boot\emp_timerecords_master\target\classes\com\accenture\microservices\emp\data\service\AttendanceService.class]: Unsatisfied dependency expressed through constructor parameter 0; nested exception is org.springframework.beans.factory.UnsatisfiedDependencyException: Error creating bean with name 'couchbaseRepositoryOperationsMapping' defined in class path resource [com/accenture/microservices/emp/data/configuration/Config.class]: Unsatisfied dependency expressed through method 'repositoryOperationsMapping' parameter 0; nested exception is org.springframework.beans.factory.BeanCreationException: Error creating bean with name 'couchbaseTemplate' defined in class path resource [com/accenture/microservices/emp/data/configuration/Config.class]: Bean instantiation via factory method failed; nested exception is org.springframework.beans.BeanInstantiationException: Failed to instantiate [org.springframework.data.couchbase.core.CouchbaseTemplate]: Factory method 'couchbaseTemplate' threw exception; nested exception is org.springframework.beans.factory.BeanCreationException: Error creating bean with name 'couchbaseBucket' defined in class path resource [com/accenture/microservices/emp/data/configuration/Config.class]: Bean instantiation via factory method failed; nested exception is org.springframework.beans.BeanInstantiationException: Failed to instantiate [com.couchbase.client.java.Bucket]: Factory method 'couchbaseClient' threw exception; nested exception is java.lang.RuntimeException: java.util.concurrent.TimeoutException
	at org.springframework.beans.factory.annotation.AutowiredAnnotationBeanPostProcessor$AutowiredFieldElement.inject(AutowiredAnnotationBeanPostProcessor.java:569) ~[spring-beans-4.3.3.RELEASE.jar:4.3.3.RELEASE]
	at org.springframework.beans.factory.annotation.InjectionMetadata.inject(InjectionMetadata.java:88) ~[spring-beans-4.3.3.RELEASE.jar:4.3.3.RELEASE]
	at org.springframework.beans.factory.annotation.AutowiredAnnotationBeanPostProcessor.postProcessPropertyValues(AutowiredAnnotationBeanPostProcessor.java:349) ~[spring-beans-4.3.3.RELEASE.jar:4.3.3.RELEASE]
	at org.springframework.beans.factory.support.AbstractAutowireCapableBeanFactory.populateBean(AbstractAutowireCapableBeanFactory.java:1219) ~[spring-beans-4.3.3.RELEASE.jar:4.3.3.RELEASE]
	at org.springframework.beans.factory.support.AbstractAutowireCapableBeanFactory.doCreateBean(AbstractAutowireCapableBeanFactory.java:543) ~[spring-beans-4.3.3.RELEASE.jar:4.3.3.RELEASE]
	at org.springframework.beans.factory.support.AbstractAutowireCapableBeanFactory.createBean(AbstractAutowireCapableBeanFactory.java:482) ~[spring-beans-4.3.3.RELEASE.jar:4.3.3.RELEASE]
	at org.springframework.beans.factory.support.AbstractBeanFactory$1.getObject(AbstractBeanFactory.java:306) ~[spring-beans-4.3.3.RELEASE.jar:4.3.3.RELEASE]
	at org.springframework.beans.factory.support.DefaultSingletonBeanRegistry.getSingleton(DefaultSingletonBeanRegistry.java:230) ~[spring-beans-4.3.3.RELEASE.jar:4.3.3.RELEASE]
	at org.springframework.beans.factory.support.AbstractBeanFactory.doGetBean(AbstractBeanFactory.java:302) ~[spring-beans-4.3.3.RELEASE.jar:4.3.3.RELEASE]
	at org.springframework.beans.factory.support.AbstractBeanFactory.getBean(AbstractBeanFactory.java:197) ~[spring-beans-4.3.3.RELEASE.jar:4.3.3.RELEASE]
	at org.springframework.beans.factory.support.DefaultListableBeanFactory.preInstantiateSingletons(DefaultListableBeanFactory.java:751) ~[spring-beans-4.3.3.RELEASE.jar:4.3.3.RELEASE]
	at org.springframework.context.support.AbstractApplicationContext.finishBeanFactoryInitialization(AbstractApplicationContext.java:861) ~[spring-context-4.3.3.RELEASE.jar:4.3.3.RELEASE]
	at org.springframework.context.support.AbstractApplicationContext.refresh(AbstractApplicationContext.java:541) ~[spring-context-4.3.3.RELEASE.jar:4.3.3.RELEASE]
	at org.springframework.boot.context.embedded.EmbeddedWebApplicationContext.refresh(EmbeddedWebApplicationContext.java:122) ~[spring-boot-1.4.1.RELEASE.jar:1.4.1.RELEASE]
	at org.springframework.boot.SpringApplication.refresh(SpringApplication.java:761) [spring-boot-1.4.1.RELEASE.jar:1.4.1.RELEASE]
	at org.springframework.boot.SpringApplication.refreshContext(SpringApplication.java:371) [spring-boot-1.4.1.RELEASE.jar:1.4.1.RELEASE]
	at org.springframework.boot.SpringApplication.run(SpringApplication.java:315) [spring-boot-1.4.1.RELEASE.jar:1.4.1.RELEASE]
	at org.springframework.boot.SpringApplication.run(SpringApplication.java:1186) [spring-boot-1.4.1.RELEASE.jar:1.4.1.RELEASE]
	at org.springframework.boot.SpringApplication.run(SpringApplication.java:1175) [spring-boot-1.4.1.RELEASE.jar:1.4.1.RELEASE]
	at com.accenture.microservices.emp.timerecords.EmpAttendanceMasterApplication.main(EmpAttendanceMasterApplication.java:21) [classes/:na]
	at sun.reflect.NativeMethodAccessorImpl.invoke0(Native Method) ~[na:1.8.0_111]
	at sun.reflect.NativeMethodAccessorImpl.invoke(NativeMethodAccessorImpl.java:62) ~[na:1.8.0_111]
	at sun.reflect.DelegatingMethodAccessorImpl.invoke(DelegatingMethodAccessorImpl.java:43) ~[na:1.8.0_111]
	at java.lang.reflect.Method.invoke(Method.java:498) ~[na:1.8.0_111]
	at org.springframework.boot.devtools.restart.RestartLauncher.run(RestartLauncher.java:49) [spring-boot-devtools-1.4.1.RELEASE.jar:1.4.1.RELEASE]
Caused by: org.springframework.beans.factory.UnsatisfiedDependencyException: Error creating bean with name 'attendanceAggregator': Unsatisfied dependency expressed through field 'attendanceService'; nested exception is org.springframework.beans.factory.UnsatisfiedDependencyException: Error creating bean with name 'attendanceService' defined in file [C:\spring-boot\emp_timerecords_master\target\classes\com\accenture\microservices\emp\data\service\AttendanceService.class]: Unsatisfied dependency expressed through constructor parameter 0; nested exception is org.springframework.beans.factory.UnsatisfiedDependencyException: Error creating bean with name 'couchbaseRepositoryOperationsMapping' defined in class path resource [com/accenture/microservices/emp/data/configuration/Config.class]: Unsatisfied dependency expressed through method 'repositoryOperationsMapping' parameter 0; nested exception is org.springframework.beans.factory.BeanCreationException: Error creating bean with name 'couchbaseTemplate' defined in class path resource [com/accenture/microservices/emp/data/configuration/Config.class]: Bean instantiation via factory method failed; nested exception is org.springframework.beans.BeanInstantiationException: Failed to instantiate [org.springframework.data.couchbase.core.CouchbaseTemplate]: Factory method 'couchbaseTemplate' threw exception; nested exception is org.springframework.beans.factory.BeanCreationException: Error creating bean with name 'couchbaseBucket' defined in class path resource [com/accenture/microservices/emp/data/configuration/Config.class]: Bean instantiation via factory method failed; nested exception is org.springframework.beans.BeanInstantiationException: Failed to instantiate [com.couchbase.client.java.Bucket]: Factory method 'couchbaseClient' threw exception; nested exception is java.lang.RuntimeException: java.util.concurrent.TimeoutException
	at org.springframework.beans.factory.annotation.AutowiredAnnotationBeanPostProcessor$AutowiredFieldElement.inject(AutowiredAnnotationBeanPostProcessor.java:569) ~[spring-beans-4.3.3.RELEASE.jar:4.3.3.RELEASE]
	at org.springframework.beans.factory.annotation.InjectionMetadata.inject(InjectionMetadata.java:88) ~[spring-beans-4.3.3.RELEASE.jar:4.3.3.RELEASE]
	at org.springframework.beans.factory.annotation.AutowiredAnnotationBeanPostProcessor.postProcessPropertyValues(AutowiredAnnotationBeanPostProcessor.java:349) ~[spring-beans-4.3.3.RELEASE.jar:4.3.3.RELEASE]
	at org.springframework.beans.factory.support.AbstractAutowireCapableBeanFactory.populateBean(AbstractAutowireCapableBeanFactory.java:1219) ~[spring-beans-4.3.3.RELEASE.jar:4.3.3.RELEASE]
	at org.springframework.beans.factory.support.AbstractAutowireCapableBeanFactory.doCreateBean(AbstractAutowireCapableBeanFactory.java:543) ~[spring-beans-4.3.3.RELEASE.jar:4.3.3.RELEASE]
	at org.springframework.beans.factory.support.AbstractAutowireCapableBeanFactory.createBean(AbstractAutowireCapableBeanFactory.java:482) ~[spring-beans-4.3.3.RELEASE.jar:4.3.3.RELEASE]
	at org.springframework.beans.factory.support.AbstractBeanFactory$1.getObject(AbstractBeanFactory.java:306) ~[spring-beans-4.3.3.RELEASE.jar:4.3.3.RELEASE]
	at org.springframework.beans.factory.support.DefaultSingletonBeanRegistry.getSingleton(DefaultSingletonBeanRegistry.java:230) ~[spring-beans-4.3.3.RELEASE.jar:4.3.3.RELEASE]
	at org.springframework.beans.factory.support.AbstractBeanFactory.doGetBean(AbstractBeanFactory.java:302) ~[spring-beans-4.3.3.RELEASE.jar:4.3.3.RELEASE]
	at org.springframework.beans.factory.support.AbstractBeanFactory.getBean(AbstractBeanFactory.java:202) ~[spring-beans-4.3.3.RELEASE.jar:4.3.3.RELEASE]
	at org.springframework.beans.factory.config.DependencyDescriptor.resolveCandidate(DependencyDescriptor.java:207) ~[spring-beans-4.3.3.RELEASE.jar:4.3.3.RELEASE]
	at org.springframework.beans.factory.support.DefaultListableBeanFactory.doResolveDependency(DefaultListableBeanFactory.java:1128) ~[spring-beans-4.3.3.RELEASE.jar:4.3.3.RELEASE]
	at org.springframework.beans.factory.support.DefaultListableBeanFactory.resolveDependency(DefaultListableBeanFactory.java:1056) ~[spring-beans-4.3.3.RELEASE.jar:4.3.3.RELEASE]
	at org.springframework.beans.factory.annotation.AutowiredAnnotationBeanPostProcessor$AutowiredFieldElement.inject(AutowiredAnnotationBeanPostProcessor.java:566) ~[spring-beans-4.3.3.RELEASE.jar:4.3.3.RELEASE]
	... 24 common frames omitted
Caused by: org.springframework.beans.factory.UnsatisfiedDependencyException: Error creating bean with name 'attendanceService' defined in file [C:\spring-boot\emp_timerecords_master\target\classes\com\accenture\microservices\emp\data\service\AttendanceService.class]: Unsatisfied dependency expressed through constructor parameter 0; nested exception is org.springframework.beans.factory.UnsatisfiedDependencyException: Error creating bean with name 'couchbaseRepositoryOperationsMapping' defined in class path resource [com/accenture/microservices/emp/data/configuration/Config.class]: Unsatisfied dependency expressed through method 'repositoryOperationsMapping' parameter 0; nested exception is org.springframework.beans.factory.BeanCreationException: Error creating bean with name 'couchbaseTemplate' defined in class path resource [com/accenture/microservices/emp/data/configuration/Config.class]: Bean instantiation via factory method failed; nested exception is org.springframework.beans.BeanInstantiationException: Failed to instantiate [org.springframework.data.couchbase.core.CouchbaseTemplate]: Factory method 'couchbaseTemplate' threw exception; nested exception is org.springframework.beans.factory.BeanCreationException: Error creating bean with name 'couchbaseBucket' defined in class path resource [com/accenture/microservices/emp/data/configuration/Config.class]: Bean instantiation via factory method failed; nested exception is org.springframework.beans.BeanInstantiationException: Failed to instantiate [com.couchbase.client.java.Bucket]: Factory method 'couchbaseClient' threw exception; nested exception is java.lang.RuntimeException: java.util.concurrent.TimeoutException
	at org.springframework.beans.factory.support.ConstructorResolver.createArgumentArray(ConstructorResolver.java:749) ~[spring-beans-4.3.3.RELEASE.jar:4.3.3.RELEASE]
	at org.springframework.beans.factory.support.ConstructorResolver.autowireConstructor(ConstructorResolver.java:189) ~[spring-beans-4.3.3.RELEASE.jar:4.3.3.RELEASE]
	at org.springframework.beans.factory.support.AbstractAutowireCapableBeanFactory.autowireConstructor(AbstractAutowireCapableBeanFactory.java:1148) ~[spring-beans-4.3.3.RELEASE.jar:4.3.3.RELEASE]
	at org.springframework.beans.factory.support.AbstractAutowireCapableBeanFactory.createBeanInstance(AbstractAutowireCapableBeanFactory.java:1051) ~[spring-beans-4.3.3.RELEASE.jar:4.3.3.RELEASE]
	at org.springframework.beans.factory.support.AbstractAutowireCapableBeanFactory.doCreateBean(AbstractAutowireCapableBeanFactory.java:510) ~[spring-beans-4.3.3.RELEASE.jar:4.3.3.RELEASE]
	at org.springframework.beans.factory.support.AbstractAutowireCapableBeanFactory.createBean(AbstractAutowireCapableBeanFactory.java:482) ~[spring-beans-4.3.3.RELEASE.jar:4.3.3.RELEASE]
	at org.springframework.beans.factory.support.AbstractBeanFactory$1.getObject(AbstractBeanFactory.java:306) ~[spring-beans-4.3.3.RELEASE.jar:4.3.3.RELEASE]
	at org.springframework.beans.factory.support.DefaultSingletonBeanRegistry.getSingleton(DefaultSingletonBeanRegistry.java:230) ~[spring-beans-4.3.3.RELEASE.jar:4.3.3.RELEASE]
	at org.springframework.beans.factory.support.AbstractBeanFactory.doGetBean(AbstractBeanFactory.java:302) ~[spring-beans-4.3.3.RELEASE.jar:4.3.3.RELEASE]
	at org.springframework.beans.factory.support.AbstractBeanFactory.getBean(AbstractBeanFactory.java:202) ~[spring-beans-4.3.3.RELEASE.jar:4.3.3.RELEASE]
	at org.springframework.beans.factory.config.DependencyDescriptor.resolveCandidate(DependencyDescriptor.java:207) ~[spring-beans-4.3.3.RELEASE.jar:4.3.3.RELEASE]
	at org.springframework.beans.factory.support.DefaultListableBeanFactory.doResolveDependency(DefaultListableBeanFactory.java:1128) ~[spring-beans-4.3.3.RELEASE.jar:4.3.3.RELEASE]
	at org.springframework.beans.factory.support.DefaultListableBeanFactory.resolveDependency(DefaultListableBeanFactory.java:1056) ~[spring-beans-4.3.3.RELEASE.jar:4.3.3.RELEASE]
	at org.springframework.beans.factory.annotation.AutowiredAnnotationBeanPostProcessor$AutowiredFieldElement.inject(AutowiredAnnotationBeanPostProcessor.java:566) ~[spring-beans-4.3.3.RELEASE.jar:4.3.3.RELEASE]
	... 37 common frames omitted
Caused by: org.springframework.beans.factory.UnsatisfiedDependencyException: Error creating bean with name 'couchbaseRepositoryOperationsMapping' defined in class path resource [com/accenture/microservices/emp/data/configuration/Config.class]: Unsatisfied dependency expressed through method 'repositoryOperationsMapping' parameter 0; nested exception is org.springframework.beans.factory.BeanCreationException: Error creating bean with name 'couchbaseTemplate' defined in class path resource [com/accenture/microservices/emp/data/configuration/Config.class]: Bean instantiation via factory method failed; nested exception is org.springframework.beans.BeanInstantiationException: Failed to instantiate [org.springframework.data.couchbase.core.CouchbaseTemplate]: Factory method 'couchbaseTemplate' threw exception; nested exception is org.springframework.beans.factory.BeanCreationException: Error creating bean with name 'couchbaseBucket' defined in class path resource [com/accenture/microservices/emp/data/configuration/Config.class]: Bean instantiation via factory method failed; nested exception is org.springframework.beans.BeanInstantiationException: Failed to instantiate [com.couchbase.client.java.Bucket]: Factory method 'couchbaseClient' threw exception; nested exception is java.lang.RuntimeException: java.util.concurrent.TimeoutException
	at org.springframework.beans.factory.support.ConstructorResolver.createArgumentArray(ConstructorResolver.java:749) ~[spring-beans-4.3.3.RELEASE.jar:4.3.3.RELEASE]
	at org.springframework.beans.factory.support.ConstructorResolver.instantiateUsingFactoryMethod(ConstructorResolver.java:467) ~[spring-beans-4.3.3.RELEASE.jar:4.3.3.RELEASE]
	at org.springframework.beans.factory.support.AbstractAutowireCapableBeanFactory.instantiateUsingFactoryMethod(AbstractAutowireCapableBeanFactory.java:1128) ~[spring-beans-4.3.3.RELEASE.jar:4.3.3.RELEASE]
	at org.springframework.beans.factory.support.AbstractAutowireCapableBeanFactory.createBeanInstance(AbstractAutowireCapableBeanFactory.java:1023) ~[spring-beans-4.3.3.RELEASE.jar:4.3.3.RELEASE]
	at org.springframework.beans.factory.support.AbstractAutowireCapableBeanFactory.doCreateBean(AbstractAutowireCapableBeanFactory.java:510) ~[spring-beans-4.3.3.RELEASE.jar:4.3.3.RELEASE]
	at org.springframework.beans.factory.support.AbstractAutowireCapableBeanFactory.createBean(AbstractAutowireCapableBeanFactory.java:482) ~[spring-beans-4.3.3.RELEASE.jar:4.3.3.RELEASE]
	at org.springframework.beans.factory.support.AbstractBeanFactory$1.getObject(AbstractBeanFactory.java:306) ~[spring-beans-4.3.3.RELEASE.jar:4.3.3.RELEASE]
	at org.springframework.beans.factory.support.DefaultSingletonBeanRegistry.getSingleton(DefaultSingletonBeanRegistry.java:230) ~[spring-beans-4.3.3.RELEASE.jar:4.3.3.RELEASE]
	at org.springframework.beans.factory.support.AbstractBeanFactory.doGetBean(AbstractBeanFactory.java:302) ~[spring-beans-4.3.3.RELEASE.jar:4.3.3.RELEASE]
	at org.springframework.beans.factory.support.AbstractBeanFactory.getBean(AbstractBeanFactory.java:197) ~[spring-beans-4.3.3.RELEASE.jar:4.3.3.RELEASE]
	at org.springframework.beans.factory.support.AbstractBeanFactory.doGetBean(AbstractBeanFactory.java:296) ~[spring-beans-4.3.3.RELEASE.jar:4.3.3.RELEASE]
	at org.springframework.beans.factory.support.AbstractBeanFactory.getBean(AbstractBeanFactory.java:202) ~[spring-beans-4.3.3.RELEASE.jar:4.3.3.RELEASE]
	at org.springframework.beans.factory.config.DependencyDescriptor.resolveCandidate(DependencyDescriptor.java:207) ~[spring-beans-4.3.3.RELEASE.jar:4.3.3.RELEASE]
	at org.springframework.beans.factory.support.DefaultListableBeanFactory.doResolveDependency(DefaultListableBeanFactory.java:1128) ~[spring-beans-4.3.3.RELEASE.jar:4.3.3.RELEASE]
	at org.springframework.beans.factory.support.DefaultListableBeanFactory.resolveDependency(DefaultListableBeanFactory.java:1056) ~[spring-beans-4.3.3.RELEASE.jar:4.3.3.RELEASE]
	at org.springframework.beans.factory.support.ConstructorResolver.resolveAutowiredArgument(ConstructorResolver.java:835) ~[spring-beans-4.3.3.RELEASE.jar:4.3.3.RELEASE]
	at org.springframework.beans.factory.support.ConstructorResolver.createArgumentArray(ConstructorResolver.java:741) ~[spring-beans-4.3.3.RELEASE.jar:4.3.3.RELEASE]
	... 50 common frames omitted
Caused by: org.springframework.beans.factory.BeanCreationException: Error creating bean with name 'couchbaseTemplate' defined in class path resource [com/accenture/microservices/emp/data/configuration/Config.class]: Bean instantiation via factory method failed; nested exception is org.springframework.beans.BeanInstantiationException: Failed to instantiate [org.springframework.data.couchbase.core.CouchbaseTemplate]: Factory method 'couchbaseTemplate' threw exception; nested exception is org.springframework.beans.factory.BeanCreationException: Error creating bean with name 'couchbaseBucket' defined in class path resource [com/accenture/microservices/emp/data/configuration/Config.class]: Bean instantiation via factory method failed; nested exception is org.springframework.beans.BeanInstantiationException: Failed to instantiate [com.couchbase.client.java.Bucket]: Factory method 'couchbaseClient' threw exception; nested exception is java.lang.RuntimeException: java.util.concurrent.TimeoutException
	at org.springframework.beans.factory.support.ConstructorResolver.instantiateUsingFactoryMethod(ConstructorResolver.java:599) ~[spring-beans-4.3.3.RELEASE.jar:4.3.3.RELEASE]
	at org.springframework.beans.factory.support.AbstractAutowireCapableBeanFactory.instantiateUsingFactoryMethod(AbstractAutowireCapableBeanFactory.java:1128) ~[spring-beans-4.3.3.RELEASE.jar:4.3.3.RELEASE]
	at org.springframework.beans.factory.support.AbstractAutowireCapableBeanFactory.createBeanInstance(AbstractAutowireCapableBeanFactory.java:1023) ~[spring-beans-4.3.3.RELEASE.jar:4.3.3.RELEASE]
	at org.springframework.beans.factory.support.AbstractAutowireCapableBeanFactory.doCreateBean(AbstractAutowireCapableBeanFactory.java:510) ~[spring-beans-4.3.3.RELEASE.jar:4.3.3.RELEASE]
	at org.springframework.beans.factory.support.AbstractAutowireCapableBeanFactory.createBean(AbstractAutowireCapableBeanFactory.java:482) ~[spring-beans-4.3.3.RELEASE.jar:4.3.3.RELEASE]
	at org.springframework.beans.factory.support.AbstractBeanFactory$1.getObject(AbstractBeanFactory.java:306) ~[spring-beans-4.3.3.RELEASE.jar:4.3.3.RELEASE]
	at org.springframework.beans.factory.support.DefaultSingletonBeanRegistry.getSingleton(DefaultSingletonBeanRegistry.java:230) ~[spring-beans-4.3.3.RELEASE.jar:4.3.3.RELEASE]
	at org.springframework.beans.factory.support.AbstractBeanFactory.doGetBean(AbstractBeanFactory.java:302) ~[spring-beans-4.3.3.RELEASE.jar:4.3.3.RELEASE]
	at org.springframework.beans.factory.support.AbstractBeanFactory.getBean(AbstractBeanFactory.java:202) ~[spring-beans-4.3.3.RELEASE.jar:4.3.3.RELEASE]
	at org.springframework.beans.factory.config.DependencyDescriptor.resolveCandidate(DependencyDescriptor.java:207) ~[spring-beans-4.3.3.RELEASE.jar:4.3.3.RELEASE]
	at org.springframework.beans.factory.support.DefaultListableBeanFactory.doResolveDependency(DefaultListableBeanFactory.java:1128) ~[spring-beans-4.3.3.RELEASE.jar:4.3.3.RELEASE]
	at org.springframework.beans.factory.support.DefaultListableBeanFactory.resolveDependency(DefaultListableBeanFactory.java:1056) ~[spring-beans-4.3.3.RELEASE.jar:4.3.3.RELEASE]
	at org.springframework.beans.factory.support.ConstructorResolver.resolveAutowiredArgument(ConstructorResolver.java:835) ~[spring-beans-4.3.3.RELEASE.jar:4.3.3.RELEASE]
	at org.springframework.beans.factory.support.ConstructorResolver.createArgumentArray(ConstructorResolver.java:741) ~[spring-beans-4.3.3.RELEASE.jar:4.3.3.RELEASE]
	... 66 common frames omitted
Caused by: org.springframework.beans.BeanInstantiationException: Failed to instantiate [org.springframework.data.couchbase.core.CouchbaseTemplate]: Factory method 'couchbaseTemplate' threw exception; nested exception is org.springframework.beans.factory.BeanCreationException: Error creating bean with name 'couchbaseBucket' defined in class path resource [com/accenture/microservices/emp/data/configuration/Config.class]: Bean instantiation via factory method failed; nested exception is org.springframework.beans.BeanInstantiationException: Failed to instantiate [com.couchbase.client.java.Bucket]: Factory method 'couchbaseClient' threw exception; nested exception is java.lang.RuntimeException: java.util.concurrent.TimeoutException
	at org.springframework.beans.factory.support.SimpleInstantiationStrategy.instantiate(SimpleInstantiationStrategy.java:189) ~[spring-beans-4.3.3.RELEASE.jar:4.3.3.RELEASE]
	at org.springframework.beans.factory.support.ConstructorResolver.instantiateUsingFactoryMethod(ConstructorResolver.java:588) ~[spring-beans-4.3.3.RELEASE.jar:4.3.3.RELEASE]
	... 79 common frames omitted
Caused by: org.springframework.beans.factory.BeanCreationException: Error creating bean with name 'couchbaseBucket' defined in class path resource [com/accenture/microservices/emp/data/configuration/Config.class]: Bean instantiation via factory method failed; nested exception is org.springframework.beans.BeanInstantiationException: Failed to instantiate [com.couchbase.client.java.Bucket]: Factory method 'couchbaseClient' threw exception; nested exception is java.lang.RuntimeException: java.util.concurrent.TimeoutException
	at org.springframework.beans.factory.support.ConstructorResolver.instantiateUsingFactoryMethod(ConstructorResolver.java:599) ~[spring-beans-4.3.3.RELEASE.jar:4.3.3.RELEASE]
	at org.springframework.beans.factory.support.AbstractAutowireCapableBeanFactory.instantiateUsingFactoryMethod(AbstractAutowireCapableBeanFactory.java:1128) ~[spring-beans-4.3.3.RELEASE.jar:4.3.3.RELEASE]
	at org.springframework.beans.factory.support.AbstractAutowireCapableBeanFactory.createBeanInstance(AbstractAutowireCapableBeanFactory.java:1023) ~[spring-beans-4.3.3.RELEASE.jar:4.3.3.RELEASE]
	at org.springframework.beans.factory.support.AbstractAutowireCapableBeanFactory.doCreateBean(AbstractAutowireCapableBeanFactory.java:510) ~[spring-beans-4.3.3.RELEASE.jar:4.3.3.RELEASE]
	at org.springframework.beans.factory.support.AbstractAutowireCapableBeanFactory.createBean(AbstractAutowireCapableBeanFactory.java:482) ~[spring-beans-4.3.3.RELEASE.jar:4.3.3.RELEASE]
	at org.springframework.beans.factory.support.AbstractBeanFactory$1.getObject(AbstractBeanFactory.java:306) ~[spring-beans-4.3.3.RELEASE.jar:4.3.3.RELEASE]
	at org.springframework.beans.factory.support.DefaultSingletonBeanRegistry.getSingleton(DefaultSingletonBeanRegistry.java:230) ~[spring-beans-4.3.3.RELEASE.jar:4.3.3.RELEASE]
	at org.springframework.beans.factory.support.AbstractBeanFactory.doGetBean(AbstractBeanFactory.java:302) ~[spring-beans-4.3.3.RELEASE.jar:4.3.3.RELEASE]
	at org.springframework.beans.factory.support.AbstractBeanFactory.getBean(AbstractBeanFactory.java:197) ~[spring-beans-4.3.3.RELEASE.jar:4.3.3.RELEASE]
	at org.springframework.context.annotation.ConfigurationClassEnhancer$BeanMethodInterceptor.intercept(ConfigurationClassEnhancer.java:381) ~[spring-context-4.3.3.RELEASE.jar:4.3.3.RELEASE]
	at com.accenture.microservices.emp.data.configuration.Config$$EnhancerBySpringCGLIB$$300a7829.couchbaseClient(<generated>) ~[classes/:na]
	at org.springframework.data.couchbase.config.AbstractCouchbaseDataConfiguration.couchbaseTemplate(AbstractCouchbaseDataConfiguration.java:77) ~[spring-data-couchbase-2.1.4.RELEASE.jar:na]
	at com.accenture.microservices.emp.data.configuration.Config$$EnhancerBySpringCGLIB$$300a7829.CGLIB$couchbaseTemplate$11(<generated>) ~[classes/:na]
	at com.accenture.microservices.emp.data.configuration.Config$$EnhancerBySpringCGLIB$$300a7829$$FastClassBySpringCGLIB$$d3b42be0.invoke(<generated>) ~[classes/:na]
	at org.springframework.cglib.proxy.MethodProxy.invokeSuper(MethodProxy.java:228) ~[spring-core-4.3.3.RELEASE.jar:4.3.3.RELEASE]
	at org.springframework.context.annotation.ConfigurationClassEnhancer$BeanMethodInterceptor.intercept(ConfigurationClassEnhancer.java:356) ~[spring-context-4.3.3.RELEASE.jar:4.3.3.RELEASE]
	at com.accenture.microservices.emp.data.configuration.Config$$EnhancerBySpringCGLIB$$300a7829.couchbaseTemplate(<generated>) ~[classes/:na]
	at sun.reflect.NativeMethodAccessorImpl.invoke0(Native Method) ~[na:1.8.0_111]
	at sun.reflect.NativeMethodAccessorImpl.invoke(NativeMethodAccessorImpl.java:62) ~[na:1.8.0_111]
	at sun.reflect.DelegatingMethodAccessorImpl.invoke(DelegatingMethodAccessorImpl.java:43) ~[na:1.8.0_111]
	at java.lang.reflect.Method.invoke(Method.java:498) ~[na:1.8.0_111]
	at org.springframework.beans.factory.support.SimpleInstantiationStrategy.instantiate(SimpleInstantiationStrategy.java:162) ~[spring-beans-4.3.3.RELEASE.jar:4.3.3.RELEASE]
	... 80 common frames omitted
Caused by: org.springframework.beans.BeanInstantiationException: Failed to instantiate [com.couchbase.client.java.Bucket]: Factory method 'couchbaseClient' threw exception; nested exception is java.lang.RuntimeException: java.util.concurrent.TimeoutException
	at org.springframework.beans.factory.support.SimpleInstantiationStrategy.instantiate(SimpleInstantiationStrategy.java:189) ~[spring-beans-4.3.3.RELEASE.jar:4.3.3.RELEASE]
	at org.springframework.beans.factory.support.ConstructorResolver.instantiateUsingFactoryMethod(ConstructorResolver.java:588) ~[spring-beans-4.3.3.RELEASE.jar:4.3.3.RELEASE]
	... 101 common frames omitted
Caused by: java.lang.RuntimeException: java.util.concurrent.TimeoutException
	at com.couchbase.client.java.util.Blocking.blockForSingle(Blocking.java:75) ~[java-client-2.2.8.jar:na]
	at com.couchbase.client.java.CouchbaseCluster.openBucket(CouchbaseCluster.java:296) ~[java-client-2.2.8.jar:na]
	at com.couchbase.client.java.CouchbaseCluster.openBucket(CouchbaseCluster.java:277) ~[java-client-2.2.8.jar:na]
	at com.couchbase.client.java.CouchbaseCluster.openBucket(CouchbaseCluster.java:266) ~[java-client-2.2.8.jar:na]
	at org.springframework.data.couchbase.config.AbstractCouchbaseConfiguration.couchbaseClient(AbstractCouchbaseConfiguration.java:125) ~[spring-data-couchbase-2.1.4.RELEASE.jar:na]
	at com.accenture.microservices.emp.data.configuration.Config$$EnhancerBySpringCGLIB$$300a7829.CGLIB$couchbaseClient$4(<generated>) ~[classes/:na]
	at com.accenture.microservices.emp.data.configuration.Config$$EnhancerBySpringCGLIB$$300a7829$$FastClassBySpringCGLIB$$d3b42be0.invoke(<generated>) ~[classes/:na]
	at org.springframework.cglib.proxy.MethodProxy.invokeSuper(MethodProxy.java:228) ~[spring-core-4.3.3.RELEASE.jar:4.3.3.RELEASE]
	at org.springframework.context.annotation.ConfigurationClassEnhancer$BeanMethodInterceptor.intercept(ConfigurationClassEnhancer.java:356) ~[spring-context-4.3.3.RELEASE.jar:4.3.3.RELEASE]
	at com.accenture.microservices.emp.data.configuration.Config$$EnhancerBySpringCGLIB$$300a7829.couchbaseClient(<generated>) ~[classes/:na]
	at sun.reflect.NativeMethodAccessorImpl.invoke0(Native Method) ~[na:1.8.0_111]
	at sun.reflect.NativeMethodAccessorImpl.invoke(NativeMethodAccessorImpl.java:62) ~[na:1.8.0_111]
	at sun.reflect.DelegatingMethodAccessorImpl.invoke(DelegatingMethodAccessorImpl.java:43) ~[na:1.8.0_111]
	at java.lang.reflect.Method.invoke(Method.java:498) ~[na:1.8.0_111]
	at org.springframework.beans.factory.support.SimpleInstantiationStrategy.instantiate(SimpleInstantiationStrategy.java:162) ~[spring-beans-4.3.3.RELEASE.jar:4.3.3.RELEASE]
	... 102 common frames omitted
Caused by: java.util.concurrent.TimeoutException: null
	... 117 common frames omitted

2017-01-02 18:28:07.307  INFO 15216 --- [restartedMain] c.a.m.e.t.EmpAttendanceMasterApplication : Starting EmpAttendanceMasterApplication on M5-L-2VT8102 with PID 15216 (C:\spring-boot\emp_timerecords_master\target\classes started by mahima.agarwal in C:\spring-boot\emp_timerecords_master)
2017-01-02 18:28:07.313  INFO 15216 --- [restartedMain] c.a.m.e.t.EmpAttendanceMasterApplication : No active profile set, falling back to default profiles: default
2017-01-02 18:28:07.705  INFO 15216 --- [restartedMain] ationConfigEmbeddedWebApplicationContext : Refreshing org.springframework.boot.context.embedded.AnnotationConfigEmbeddedWebApplicationContext@f97cde4: startup date [Mon Jan 02 18:28:07 IST 2017]; root of context hierarchy
2017-01-02 18:28:12.833  INFO 15216 --- [restartedMain] trationDelegate$BeanPostProcessorChecker : Bean 'org.springframework.ws.config.annotation.DelegatingWsConfiguration' of type [class org.springframework.ws.config.annotation.DelegatingWsConfiguration$$EnhancerBySpringCGLIB$$ae4264bd] is not eligible for getting processed by all BeanPostProcessors (for example: not eligible for auto-proxying)
2017-01-02 18:28:12.947  INFO 15216 --- [restartedMain] .w.s.a.s.AnnotationActionEndpointMapping : Supporting [WS-Addressing August 2004, WS-Addressing 1.0]
2017-01-02 18:28:13.867  INFO 15216 --- [restartedMain] s.b.c.e.t.TomcatEmbeddedServletContainer : Tomcat initialized with port(s): 8080 (http)
2017-01-02 18:28:13.889  INFO 15216 --- [restartedMain] o.apache.catalina.core.StandardService   : Starting service Tomcat
2017-01-02 18:28:13.891  INFO 15216 --- [restartedMain] org.apache.catalina.core.StandardEngine  : Starting Servlet Engine: Apache Tomcat/8.5.5
2017-01-02 18:28:14.194  INFO 15216 --- [localhost-startStop-1] o.a.c.c.C.[Tomcat].[localhost].[/]       : Initializing Spring embedded WebApplicationContext
2017-01-02 18:28:14.197  INFO 15216 --- [localhost-startStop-1] o.s.web.context.ContextLoader            : Root WebApplicationContext: initialization completed in 6496 ms
2017-01-02 18:28:14.861  INFO 15216 --- [localhost-startStop-1] o.s.b.w.servlet.ServletRegistrationBean  : Mapping servlet: 'dispatcherServlet' to [/]
2017-01-02 18:28:14.863  INFO 15216 --- [localhost-startStop-1] o.s.b.w.servlet.ServletRegistrationBean  : Mapping servlet: 'messageDispatcherServlet' to [/services/*]
2017-01-02 18:28:14.868  INFO 15216 --- [localhost-startStop-1] o.s.b.w.servlet.FilterRegistrationBean   : Mapping filter: 'characterEncodingFilter' to: [/*]
2017-01-02 18:28:14.869  INFO 15216 --- [localhost-startStop-1] o.s.b.w.servlet.FilterRegistrationBean   : Mapping filter: 'hiddenHttpMethodFilter' to: [/*]
2017-01-02 18:28:14.869  INFO 15216 --- [localhost-startStop-1] o.s.b.w.servlet.FilterRegistrationBean   : Mapping filter: 'httpPutFormContentFilter' to: [/*]
2017-01-02 18:28:14.870  INFO 15216 --- [localhost-startStop-1] o.s.b.w.servlet.FilterRegistrationBean   : Mapping filter: 'requestContextFilter' to: [/*]
2017-01-02 18:28:15.644  INFO 15216 --- [restartedMain] com.couchbase.client.core.CouchbaseCore  : CouchbaseEnvironment: {sslEnabled=false, sslKeystoreFile='null', sslKeystorePassword='null', queryEnabled=false, queryPort=8093, bootstrapHttpEnabled=true, bootstrapCarrierEnabled=true, bootstrapHttpDirectPort=8091, bootstrapHttpSslPort=18091, bootstrapCarrierDirectPort=11210, bootstrapCarrierSslPort=11207, ioPoolSize=4, computationPoolSize=4, responseBufferSize=16384, requestBufferSize=16384, kvServiceEndpoints=1, viewServiceEndpoints=1, queryServiceEndpoints=1, searchServiceEndpoints=1, ioPool=NioEventLoopGroup, coreScheduler=CoreScheduler, eventBus=DefaultEventBus, packageNameAndVersion=couchbase-java-client/2.2.8 (git: 2.2.8, core: 1.2.9), dcpEnabled=false, retryStrategy=BestEffort, maxRequestLifetime=75000, retryDelay=ExponentialDelay{growBy 1.0 MICROSECONDS, powers of 2; lower=100, upper=100000}, reconnectDelay=ExponentialDelay{growBy 1.0 MILLISECONDS, powers of 2; lower=32, upper=4096}, observeIntervalDelay=ExponentialDelay{growBy 1.0 MICROSECONDS, powers of 2; lower=10, upper=100000}, keepAliveInterval=30000, autoreleaseAfter=2000, bufferPoolingEnabled=true, tcpNodelayEnabled=true, mutationTokensEnabled=false, socketConnectTimeout=1000, dcpConnectionBufferSize=20971520, dcpConnectionBufferAckThreshold=0.2, dcpConnectionName=dcp/core-io, callbacksOnIoPool=false, queryTimeout=75000, viewTimeout=75000, kvTimeout=2500, connectTimeout=5000, disconnectTimeout=25000, dnsSrvEnabled=false}
2017-01-02 18:28:15.921  INFO 15216 --- [cb-io-1-1] com.couchbase.client.core.node.Node      : Connected to Node localhost
2017-01-02 18:28:15.984  INFO 15216 --- [cb-io-1-1] com.couchbase.client.core.node.Node      : Disconnected from Node localhost
2017-01-02 18:28:17.401  INFO 15216 --- [cb-io-1-2] com.couchbase.client.core.node.Node      : Connected to Node localhost
2017-01-02 18:28:17.568  INFO 15216 --- [cb-computations-4] c.c.c.core.config.ConfigurationProvider  : Opened bucket attendance
2017-01-02 18:28:20.104  INFO 15216 --- [restartedMain] s.w.s.m.m.a.RequestMappingHandlerAdapter : Looking for @ControllerAdvice: org.springframework.boot.context.embedded.AnnotationConfigEmbeddedWebApplicationContext@f97cde4: startup date [Mon Jan 02 18:28:07 IST 2017]; root of context hierarchy
2017-01-02 18:28:20.838  INFO 15216 --- [restartedMain] s.w.s.m.m.a.RequestMappingHandlerMapping : Mapped "{[/employee/attendance/submit],methods=[POST]}" onto public java.lang.Boolean com.accenture.microservices.emp.timerecords.web.AttendanceController.submitEmployeeAttanceService(java.util.Collection<com.accenture.microservices.emp.data.EmployeeAttendance>)
2017-01-02 18:28:20.839  INFO 15216 --- [restartedMain] s.w.s.m.m.a.RequestMappingHandlerMapping : Mapped "{[/employee/attendance/delete],methods=[DELETE]}" onto public java.lang.Boolean com.accenture.microservices.emp.timerecords.web.AttendanceController.deleteEmployeeAttance(java.util.Collection<com.accenture.microservices.emp.data.EmployeeAttendance>)
2017-01-02 18:28:20.840  INFO 15216 --- [restartedMain] s.w.s.m.m.a.RequestMappingHandlerMapping : Mapped "{[/timerecords/{empId}],methods=[GET]}" onto public java.util.Collection<com.accenture.microservices.emp.data.EmployeeAttendance> com.accenture.microservices.emp.timerecords.web.AttendanceController.getEmployeeAttendance(java.lang.Integer)
2017-01-02 18:28:20.841  INFO 15216 --- [restartedMain] s.w.s.m.m.a.RequestMappingHandlerMapping : Mapped "{[/timerecords],methods=[GET]}" onto public java.util.Collection<com.accenture.microservices.emp.data.EmployeeAttendance> com.accenture.microservices.emp.timerecords.web.AttendanceController.getEmployeeAttendance()
2017-01-02 18:28:20.842  INFO 15216 --- [restartedMain] s.w.s.m.m.a.RequestMappingHandlerMapping : Mapped "{[/user/{employeeName}]}" onto public java.util.Collection<com.accenture.microservices.emp.data.User> com.accenture.microservices.emp.timerecords.web.DataOperationsController.getUserDetails(java.lang.String)
2017-01-02 18:28:20.850  INFO 15216 --- [restartedMain] s.w.s.m.m.a.RequestMappingHandlerMapping : Mapped "{[/error]}" onto public org.springframework.http.ResponseEntity<java.util.Map<java.lang.String, java.lang.Object>> org.springframework.boot.autoconfigure.web.BasicErrorController.error(javax.servlet.http.HttpServletRequest)
2017-01-02 18:28:20.851  INFO 15216 --- [restartedMain] s.w.s.m.m.a.RequestMappingHandlerMapping : Mapped "{[/error],produces=[text/html]}" onto public org.springframework.web.servlet.ModelAndView org.springframework.boot.autoconfigure.web.BasicErrorController.errorHtml(javax.servlet.http.HttpServletRequest,javax.servlet.http.HttpServletResponse)
2017-01-02 18:28:20.954  INFO 15216 --- [restartedMain] o.s.w.s.handler.SimpleUrlHandlerMapping  : Mapped URL path [/webjars/**] onto handler of type [class org.springframework.web.servlet.resource.ResourceHttpRequestHandler]
2017-01-02 18:28:20.955  INFO 15216 --- [restartedMain] o.s.w.s.handler.SimpleUrlHandlerMapping  : Mapped URL path [/**] onto handler of type [class org.springframework.web.servlet.resource.ResourceHttpRequestHandler]
2017-01-02 18:28:21.039  INFO 15216 --- [restartedMain] o.s.w.s.handler.SimpleUrlHandlerMapping  : Mapped URL path [/**/favicon.ico] onto handler of type [class org.springframework.web.servlet.resource.ResourceHttpRequestHandler]
2017-01-02 18:28:21.821  INFO 15216 --- [restartedMain] o.s.b.d.a.OptionalLiveReloadServer       : LiveReload server is running on port 35729
2017-01-02 18:28:22.143  INFO 15216 --- [restartedMain] o.s.j.e.a.AnnotationMBeanExporter        : Registering beans for JMX exposure on startup
2017-01-02 18:28:22.923  INFO 15216 --- [restartedMain] s.b.c.e.t.TomcatEmbeddedServletContainer : Tomcat started on port(s): 8080 (http)
2017-01-02 18:28:22.936  INFO 15216 --- [restartedMain] c.a.m.e.t.EmpAttendanceMasterApplication : Started EmpAttendanceMasterApplication in 16.404 seconds (JVM running for 18.768)
2017-01-02 18:29:01.610  INFO 15216 --- [http-nio-8080-exec-1] o.a.c.c.C.[Tomcat].[localhost].[/]       : Initializing Spring FrameworkServlet 'dispatcherServlet'
2017-01-02 18:29:01.611  INFO 15216 --- [http-nio-8080-exec-1] o.s.web.servlet.DispatcherServlet        : FrameworkServlet 'dispatcherServlet': initialization started
2017-01-02 18:29:01.773  INFO 15216 --- [http-nio-8080-exec-1] o.s.web.servlet.DispatcherServlet        : FrameworkServlet 'dispatcherServlet': initialization completed in 161 ms
2017-01-02 18:29:01.947  INFO 15216 --- [http-nio-8080-exec-1] c.a.m.e.data.service.AttendanceService   : Service:: EmployeeId passed: 1233
2017-01-02 18:29:14.033  INFO 15216 --- [http-nio-8080-exec-1] c.a.m.e.data.service.AttendanceService   : Service:: EmployeeAttendance Attance retrived: [EmployeeAttendance [id=1233, employeeId=1233, dayAttendance=[DayAttendance [date=28/10/2016, hours=10, chargeCode=AXSB4005, location=Bangalore-10], DayAttendance [date=28/10/2016, hours=5, chargeCode=AXSB4001, location=Bangalore-5], DayAttendance [date=28/10/2016, hours=4, chargeCode=AXSB4001, location=Bangalore-4], DayAttendance [date=02/11/2016, hours=9, chargeCode=AXSB4005, location=Bangalore-10], DayAttendance [date=03/11/2016, hours=9, chargeCode=AXSB4001, location=Bangalore-5], DayAttendance [date=04/11/2016, hours=9, chargeCode=AXSB4001, location=Bangalore-4]]]]
2017-01-02 18:29:14.046  INFO 15216 --- [http-nio-8080-exec-1] c.a.m.emp.data.AttendanceAggregator      : EmployeeAttenance: [EmployeeAttendance [id=1233, employeeId=1233, dayAttendance=[DayAttendance [date=28/10/2016, hours=10, chargeCode=AXSB4005, location=Bangalore-10], DayAttendance [date=28/10/2016, hours=5, chargeCode=AXSB4001, location=Bangalore-5], DayAttendance [date=28/10/2016, hours=4, chargeCode=AXSB4001, location=Bangalore-4], DayAttendance [date=02/11/2016, hours=9, chargeCode=AXSB4005, location=Bangalore-10], DayAttendance [date=03/11/2016, hours=9, chargeCode=AXSB4001, location=Bangalore-5], DayAttendance [date=04/11/2016, hours=9, chargeCode=AXSB4001, location=Bangalore-4]]]]
2017-01-02 18:29:14.048  INFO 15216 --- [http-nio-8080-exec-1] c.a.m.e.t.web.AttendanceController       : day attendance: [EmployeeAttendance [id=1233, employeeId=1233, dayAttendance=[DayAttendance [date=28/10/2016, hours=10, chargeCode=AXSB4005, location=Bangalore-10], DayAttendance [date=28/10/2016, hours=5, chargeCode=AXSB4001, location=Bangalore-5], DayAttendance [date=28/10/2016, hours=4, chargeCode=AXSB4001, location=Bangalore-4], DayAttendance [date=02/11/2016, hours=9, chargeCode=AXSB4005, location=Bangalore-10], DayAttendance [date=03/11/2016, hours=9, chargeCode=AXSB4001, location=Bangalore-5], DayAttendance [date=04/11/2016, hours=9, chargeCode=AXSB4001, location=Bangalore-4]]]]
2017-01-02 18:31:36.907  INFO 15216 --- [RMI TCP Connection(2)-10.234.113.142] inMXBeanRegistrar$SpringApplicationAdmin : Application shutdown requested.
2017-01-02 18:31:36.908  INFO 15216 --- [RMI TCP Connection(2)-10.234.113.142] ationConfigEmbeddedWebApplicationContext : Closing org.springframework.boot.context.embedded.AnnotationConfigEmbeddedWebApplicationContext@f97cde4: startup date [Mon Jan 02 18:28:07 IST 2017]; root of context hierarchy
2017-01-02 18:31:36.913  INFO 15216 --- [RMI TCP Connection(2)-10.234.113.142] o.s.j.e.a.AnnotationMBeanExporter        : Unregistering JMX-exposed beans on shutdown
2017-01-02 18:31:36.946  INFO 15216 --- [RMI TCP Connection(2)-10.234.113.142] c.c.c.core.config.ConfigurationProvider  : Closed bucket attendance
2017-01-02 18:31:36.957  INFO 15216 --- [cb-io-1-2] com.couchbase.client.core.node.Node      : Disconnected from Node localhost
